<?xml version="1.0" encoding="UTF-8"?>
<!-- Generated by org.testng.reporters.JUnitXMLReporter -->
<testsuite ignored="0" hostname="MacBook-Pro.local" failures="0" tests="3" name="Surefire test" time="0.022" errors="0" timestamp="2022-05-18T17:05:30 IST">
  <testcase classname="p1.AppiumTest" name="createSession" time="0.003"/>
  <testcase classname="p1.AppiumTest" name="testMobileLogin" time="0.0"/>
  <testcase classname="p1.AppiumTest" name="testMobileLogout" time="0.0"/>
</testsuite> <!-- Surefire test -->
