<?xml version="1.0" encoding="UTF-8"?>
<!-- Generated by org.testng.reporters.JUnitXMLReporter -->
<testsuite ignored="0" hostname="MacBook-Pro.local" failures="0" tests="9" name="Test" time="0.024" errors="0" timestamp="2022-05-18T17:13:35 IST">
  <testcase classname="p1.AppiumTest" name="createSession" time="0.003"/>
  <testcase classname="p1.AppiumTest" name="testMobileLogin" time="0.0"/>
  <testcase classname="p1.AppiumTest" name="testMobileLogout" time="0.0"/>
  <testcase classname="p1.RestApiTest" name="testDeleteTweetApi" time="0.0"/>
  <testcase classname="p1.RestApiTest" name="testTweetPostApi" time="0.0"/>
  <testcase classname="p1.RestApiTest" name="testTwitterLoginApi" time="0.0"/>
  <testcase classname="p1.SeleniumTest" name="loginToBankAccount" time="0.0"/>
  <testcase classname="p1.SeleniumTest" name="testAmountTransfer" time="0.0"/>
  <testcase classname="p1.SeleniumTest" name="testBankAccountLogout" time="0.0"/>
</testsuite> <!-- Test -->
