<?xml version="1.0" encoding="UTF-8"?>
<testng-results ignored="0" total="9" passed="9" failed="0" skipped="0">
  <reporter-output>
  </reporter-output>
  <suite started-at="2022-05-18T17:13:35 IST" name="Suite" finished-at="2022-05-18T17:13:35 IST" duration-ms="24">
    <groups>
    </groups>
    <test started-at="2022-05-18T17:13:35 IST" name="Test" finished-at="2022-05-18T17:13:35 IST" duration-ms="24">
      <class name="p1.RestApiTest">
        <test-method signature="testDeleteTweetApi()[pri:0, instance:p1.RestApiTest@6b19b79]" started-at="2022-05-18T17:13:35 IST" name="testDeleteTweetApi" finished-at="2022-05-18T17:13:35 IST" duration-ms="0" status="PASS">
          <reporter-output>
          </reporter-output>
        </test-method> <!-- testDeleteTweetApi -->
        <test-method signature="testTweetPostApi()[pri:0, instance:p1.RestApiTest@6b19b79]" started-at="2022-05-18T17:13:35 IST" name="testTweetPostApi" finished-at="2022-05-18T17:13:35 IST" duration-ms="0" status="PASS">
          <reporter-output>
          </reporter-output>
        </test-method> <!-- testTweetPostApi -->
        <test-method signature="testTwitterLoginApi()[pri:0, instance:p1.RestApiTest@6b19b79]" started-at="2022-05-18T17:13:35 IST" name="testTwitterLoginApi" finished-at="2022-05-18T17:13:35 IST" duration-ms="0" status="PASS">
          <reporter-output>
          </reporter-output>
        </test-method> <!-- testTwitterLoginApi -->
      </class> <!-- p1.RestApiTest -->
      <class name="p1.SeleniumTest">
        <test-method signature="testAmountTransfer()[pri:0, instance:p1.SeleniumTest@2a32de6c]" started-at="2022-05-18T17:13:35 IST" name="testAmountTransfer" finished-at="2022-05-18T17:13:35 IST" duration-ms="0" status="PASS">
          <reporter-output>
          </reporter-output>
        </test-method> <!-- testAmountTransfer -->
        <test-method signature="loginToBankAccount()[pri:0, instance:p1.SeleniumTest@2a32de6c]" started-at="2022-05-18T17:13:35 IST" name="loginToBankAccount" finished-at="2022-05-18T17:13:35 IST" duration-ms="0" status="PASS">
          <reporter-output>
          </reporter-output>
        </test-method> <!-- loginToBankAccount -->
        <test-method signature="testBankAccountLogout()[pri:0, instance:p1.SeleniumTest@2a32de6c]" started-at="2022-05-18T17:13:35 IST" name="testBankAccountLogout" finished-at="2022-05-18T17:13:35 IST" duration-ms="0" status="PASS">
          <reporter-output>
          </reporter-output>
        </test-method> <!-- testBankAccountLogout -->
      </class> <!-- p1.SeleniumTest -->
      <class name="p1.AppiumTest">
        <test-method signature="createSession()[pri:0, instance:p1.AppiumTest@f8c1ddd]" started-at="2022-05-18T17:13:35 IST" name="createSession" finished-at="2022-05-18T17:13:35 IST" duration-ms="3" status="PASS">
          <reporter-output>
          </reporter-output>
        </test-method> <!-- createSession -->
        <test-method signature="testMobileLogout()[pri:0, instance:p1.AppiumTest@f8c1ddd]" started-at="2022-05-18T17:13:35 IST" name="testMobileLogout" finished-at="2022-05-18T17:13:35 IST" duration-ms="0" status="PASS">
          <reporter-output>
          </reporter-output>
        </test-method> <!-- testMobileLogout -->
        <test-method signature="testMobileLogin()[pri:0, instance:p1.AppiumTest@f8c1ddd]" started-at="2022-05-18T17:13:35 IST" name="testMobileLogin" finished-at="2022-05-18T17:13:35 IST" duration-ms="0" status="PASS">
          <reporter-output>
          </reporter-output>
        </test-method> <!-- testMobileLogin -->
      </class> <!-- p1.AppiumTest -->
    </test> <!-- Test -->
  </suite> <!-- Suite -->
</testng-results>
